2024-09-17 20:59:53,031 INFO o.a.j.u.JMeterUtils: Setting Locale to en_EN
2024-09-17 20:59:53,121 INFO o.a.j.JMeter: Loading user properties from: user.properties
2024-09-17 20:59:53,132 INFO o.a.j.JMeter: Loading system properties from: system.properties
2024-09-17 20:59:53,145 INFO o.a.j.JMeter: Copyright (c) 1998-2022 The Apache Software Foundation
2024-09-17 20:59:53,145 INFO o.a.j.JMeter: Version 5.5
2024-09-17 20:59:53,145 INFO o.a.j.JMeter: java.version=17.0.7
2024-09-17 20:59:53,145 INFO o.a.j.JMeter: java.vm.name=Java HotSpot(TM) 64-Bit Server VM
2024-09-17 20:59:53,145 INFO o.a.j.JMeter: os.name=Windows 11
2024-09-17 20:59:53,145 INFO o.a.j.JMeter: os.arch=amd64
2024-09-17 20:59:53,145 INFO o.a.j.JMeter: os.version=10.0
2024-09-17 20:59:53,145 INFO o.a.j.JMeter: file.encoding=Cp1252
2024-09-17 20:59:53,145 INFO o.a.j.JMeter: java.awt.headless=null
2024-09-17 20:59:53,145 INFO o.a.j.JMeter: Max memory     =1073741824
2024-09-17 20:59:53,145 INFO o.a.j.JMeter: Available Processors =8
2024-09-17 20:59:53,160 INFO o.a.j.JMeter: Default Locale=English (EN)
2024-09-17 20:59:53,161 INFO o.a.j.JMeter: JMeter  Locale=English (EN)
2024-09-17 20:59:53,161 INFO o.a.j.JMeter: JMeterHome=D:\Jmeter\apache-jmeter-5.5\apache-jmeter-5.5
2024-09-17 20:59:53,161 INFO o.a.j.JMeter: user.dir  =D:\Jmeter\apache-jmeter-5.5\apache-jmeter-5.5\bin
2024-09-17 20:59:53,164 INFO o.a.j.JMeter: PWD       =D:\Jmeter\apache-jmeter-5.5\apache-jmeter-5.5\bin
2024-09-17 20:59:53,168 INFO o.a.j.JMeter: IP: 192.168.1.33 Name: CIN_Varaprasad FullName: CIN_Varaprasad
2024-09-17 20:59:53,188 INFO o.a.j.JMeter: Loaded icon properties from org/apache/jmeter/images/icon.properties
2024-09-17 20:59:53,764 INFO o.a.j.JMeterGuiLauncher: Setting LAF to: laf:javax.swing.plaf.metal.MetalLookAndFeel
2024-09-17 20:59:55,830 INFO o.j.r.JARSourceHTTP: Requesting https://jmeter-plugins.org/repo/?installID=windows_11-4cb4ce224ff806a66783b43b6e6d7956-gui
2024-09-17 20:59:58,160 INFO c.b.j.c.c.t.LocalConfiguration: Installing default files
2024-09-17 20:59:58,222 INFO c.b.j.c.c.t.LocalConfiguration: bzm - Correlation Recorder Test Plan Template installed
2024-09-17 20:59:58,231 INFO c.b.j.c.c.t.LocalConfiguration: Siebel Correlation's Template installed
2024-09-17 20:59:58,238 INFO c.b.j.c.c.t.LocalConfiguration: correlation.properties file loaded
2024-09-17 20:59:58,897 INFO o.j.r.PluginManager: Plugins Status: [jpgc-graphs-basic=2.0, jpgc-graphs-additional=2.0, bzm-siebel=2.5.1, bzm-repositories=1.2, blazemeter-debugger=0.6, jpgc-functions=2.2, jpgc-casutg=2.10, jpgc-dummy=0.4, jpgc-esa=0.1, jpgc-mergeresults=2.1, bzm-parallel=0.12, jpgc-plugins-manager=1.10, websocket-sampler=1.0.2-SNAPSHOT, websocket-samplers=1.2.10, jmeter-core=5.5, jmeter-ftp=5.5, jmeter-http=5.5, jmeter-jdbc=5.5, jmeter-jms=5.5, jmeter-junit=5.5, jmeter-java=5.5, jmeter-ldap=5.5, jmeter-mail=5.5, jmeter-mongodb=5.5, jmeter-native=5.5, jmeter-tcp=5.5, jmeter-components=5.5]
2024-09-17 20:59:58,900 INFO o.j.r.PluginManagerMenuItem: Plugins Manager has upgrades: [bzm-siebel]
2024-09-17 20:59:59,071 INFO o.a.j.e.KeyToolUtils: keytool found at 'keytool'
2024-09-17 20:59:59,072 INFO o.a.j.p.h.p.ProxyControl: HTTP(S) Test Script Recorder SSL Proxy will use keys that support embedded 3rd party resources in file D:\Jmeter\apache-jmeter-5.5\apache-jmeter-5.5\bin\proxyserver.jks
2024-09-17 20:59:59,230 INFO o.a.j.p.h.s.HTTPSamplerBase: Parser for text/html is org.apache.jmeter.protocol.http.parser.LagartoBasedHtmlParser
2024-09-17 20:59:59,230 INFO o.a.j.p.h.s.HTTPSamplerBase: Parser for application/xhtml+xml is org.apache.jmeter.protocol.http.parser.LagartoBasedHtmlParser
2024-09-17 20:59:59,230 INFO o.a.j.p.h.s.HTTPSamplerBase: Parser for application/xml is org.apache.jmeter.protocol.http.parser.LagartoBasedHtmlParser
2024-09-17 20:59:59,230 INFO o.a.j.p.h.s.HTTPSamplerBase: Parser for text/xml is org.apache.jmeter.protocol.http.parser.LagartoBasedHtmlParser
2024-09-17 20:59:59,230 INFO o.a.j.p.h.s.HTTPSamplerBase: Parser for text/vnd.wap.wml is org.apache.jmeter.protocol.http.parser.RegexpHTMLParser
2024-09-17 20:59:59,231 INFO o.a.j.p.h.s.HTTPSamplerBase: Parser for text/css is org.apache.jmeter.protocol.http.parser.CssParser
